# JRE version: OpenJDK Runtime Environment (8.0_152-b01) (build 1.8.0_152-release-915-b01)
# Java VM: OpenJDK 64-Bit Server VM (25.152-b01 mixed mode windows-amd64 compressed oops)
Heap:
 PSYoungGen      total 114176K, used 89441K [0x00000000e0000000, 0x00000000e9c00000, 0x0000000100000000)
  eden space 102912K, 75% used [0x00000000e0000000,0x00000000e4c5c0d8,0x00000000e6480000)
  from space 11264K, 99% used [0x00000000e6480000,0x00000000e6f7c4b8,0x00000000e6f80000)
  to   space 12800K, 0% used [0x00000000e8f80000,0x00000000e8f80000,0x00000000e9c00000)
 ParOldGen       total 94720K, used 16373K [0x00000000a0000000, 0x00000000a5c80000, 0x00000000e0000000)
  object space 94720K, 17% used [0x00000000a0000000,0x00000000a0ffd570,0x00000000a5c80000)
 Metaspace       used 52595K, capacity 54340K, committed 54360K, reserved 1095680K
  class space    used 7128K, capacity 7543K, committed 7552K, reserved 1048576K
GC Heap History (10 events):
Event: 20.218 GC heap before
{Heap before GC invocations=9 (full 1):
 PSYoungGen      total 61952K, used 59567K [0x00000000e0000000, 0x00000000e6180000, 0x0000000100000000)
  eden space 51712K, 100% used [0x00000000e0000000,0x00000000e3280000,0x00000000e3280000)
  from space 10240K, 76% used [0x00000000e3280000,0x00000000e3a2bc78,0x00000000e3c80000)
  to   space 10752K, 0% used [0x00000000e5700000,0x00000000e5700000,0x00000000e6180000)
 ParOldGen       total 65536K, used 8959K [0x00000000a0000000, 0x00000000a4000000, 0x00000000e0000000)
  object space 65536K, 13% used [0x00000000a0000000,0x00000000a08bfcb8,0x00000000a4000000)
 Metaspace       used 31319K, capacity 31914K, committed 32256K, reserved 1077248K
  class space    used 4260K, capacity 4488K, committed 4608K, reserved 1048576K
Event: 20.260 GC heap after
Heap after GC invocations=9 (full 1):
 PSYoungGen      total 89088K, used 7307K [0x00000000e0000000, 0x00000000e6180000, 0x0000000100000000)
  eden space 78336K, 0% used [0x00000000e0000000,0x00000000e0000000,0x00000000e4c80000)
  from space 10752K, 67% used [0x00000000e5700000,0x00000000e5e22c88,0x00000000e6180000)
  to   space 10752K, 0% used [0x00000000e4c80000,0x00000000e4c80000,0x00000000e5700000)
 ParOldGen       total 65536K, used 9031K [0x00000000a0000000, 0x00000000a4000000, 0x00000000e0000000)
  object space 65536K, 13% used [0x00000000a0000000,0x00000000a08d1cc8,0x00000000a4000000)
 Metaspace       used 31319K, capacity 31914K, committed 32256K, reserved 1077248K
  class space    used 4260K, capacity 4488K, committed 4608K, reserved 1048576K
}
Event: 21.034 GC heap before
{Heap before GC invocations=10 (full 1):
 PSYoungGen      total 89088K, used 24473K [0x00000000e0000000, 0x00000000e6180000, 0x0000000100000000)
  eden space 78336K, 21% used [0x00000000e0000000,0x00000000e10c3ae8,0x00000000e4c80000)
  from space 10752K, 67% used [0x00000000e5700000,0x00000000e5e22c88,0x00000000e6180000)
  to   space 10752K, 0% used [0x00000000e4c80000,0x00000000e4c80000,0x00000000e5700000)
 ParOldGen       total 65536K, used 9031K [0x00000000a0000000, 0x00000000a4000000, 0x00000000e0000000)
  object space 65536K, 13% used [0x00000000a0000000,0x00000000a08d1cc8,0x00000000a4000000)
 Metaspace       used 34499K, capacity 35194K, committed 35416K, reserved 1079296K
  class space    used 4681K, capacity 4953K, committed 4992K, reserved 1048576K
Event: 21.046 GC heap after
Heap after GC invocations=10 (full 1):
 PSYoungGen      total 89088K, used 8861K [0x00000000e0000000, 0x00000000e7b00000, 0x0000000100000000)
  eden space 78336K, 0% used [0x00000000e0000000,0x00000000e0000000,0x00000000e4c80000)
  from space 10752K, 82% used [0x00000000e4c80000,0x00000000e5527488,0x00000000e5700000)
  to   space 11264K, 0% used [0x00000000e7000000,0x00000000e7000000,0x00000000e7b00000)
 ParOldGen       total 65536K, used 9039K [0x00000000a0000000, 0x00000000a4000000, 0x00000000e0000000)
  object space 65536K, 13% used [0x00000000a0000000,0x00000000a08d3cc8,0x00000000a4000000)
 Metaspace       used 34499K, capacity 35194K, committed 35416K, reserved 1079296K
  class space    used 4681K, capacity 4953K, committed 4992K, reserved 1048576K
}
Event: 21.046 GC heap before
{Heap before GC invocations=11 (full 2):
 PSYoungGen      total 89088K, used 8861K [0x00000000e0000000, 0x00000000e7b00000, 0x0000000100000000)
  eden space 78336K, 0% used [0x00000000e0000000,0x00000000e0000000,0x00000000e4c80000)
  from space 10752K, 82% used [0x00000000e4c80000,0x00000000e5527488,0x00000000e5700000)
  to   space 11264K, 0% used [0x00000000e7000000,0x00000000e7000000,0x00000000e7b00000)
 ParOldGen       total 65536K, used 9039K [0x00000000a0000000, 0x00000000a4000000, 0x00000000e0000000)
  object space 65536K, 13% used [0x00000000a0000000,0x00000000a08d3cc8,0x00000000a4000000)
 Metaspace       used 34499K, capacity 35194K, committed 35416K, reserved 1079296K
  class space    used 4681K, capacity 4953K, committed 4992K, reserved 1048576K
Event: 21.177 GC heap after
Heap after GC invocations=11 (full 2):
 PSYoungGen      total 89088K, used 0K [0x00000000e0000000, 0x00000000e7b00000, 0x0000000100000000)
  eden space 78336K, 0% used [0x00000000e0000000,0x00000000e0000000,0x00000000e4c80000)
  from space 10752K, 0% used [0x00000000e4c80000,0x00000000e4c80000,0x00000000e5700000)
  to   space 11264K, 0% used [0x00000000e7000000,0x00000000e7000000,0x00000000e7b00000)
 ParOldGen       total 94720K, used 14928K [0x00000000a0000000, 0x00000000a5c80000, 0x00000000e0000000)
  object space 94720K, 15% used [0x00000000a0000000,0x00000000a0e94158,0x00000000a5c80000)
 Metaspace       used 34499K, capacity 35194K, committed 35416K, reserved 1079296K
  class space    used 4681K, capacity 4953K, committed 4992K, reserved 1048576K
}
Event: 23.176 GC heap before
{Heap before GC invocations=12 (full 2):
 PSYoungGen      total 89088K, used 78317K [0x00000000e0000000, 0x00000000e7b00000, 0x0000000100000000)
  eden space 78336K, 99% used [0x00000000e0000000,0x00000000e4c7b550,0x00000000e4c80000)
  from space 10752K, 0% used [0x00000000e4c80000,0x00000000e4c80000,0x00000000e5700000)
  to   space 11264K, 0% used [0x00000000e7000000,0x00000000e7000000,0x00000000e7b00000)
 ParOldGen       total 94720K, used 14928K [0x00000000a0000000, 0x00000000a5c80000, 0x00000000e0000000)
  object space 94720K, 15% used [0x00000000a0000000,0x00000000a0e94158,0x00000000a5c80000)
 Metaspace       used 40661K, capacity 41414K, committed 41816K, reserved 1085440K
  class space    used 5393K, capacity 5669K, committed 5760K, reserved 1048576K
Event: 23.200 GC heap after
Heap after GC invocations=12 (full 2):
 PSYoungGen      total 113664K, used 7634K [0x00000000e0000000, 0x00000000e7a80000, 0x0000000100000000)
  eden space 102912K, 0% used [0x00000000e0000000,0x00000000e0000000,0x00000000e6480000)
  from space 10752K, 71% used [0x00000000e7000000,0x00000000e77748b8,0x00000000e7a80000)
  to   space 11264K, 0% used [0x00000000e6480000,0x00000000e6480000,0x00000000e6f80000)
 ParOldGen       total 94720K, used 14936K [0x00000000a0000000, 0x00000000a5c80000, 0x00000000e0000000)
  object space 94720K, 15% used [0x00000000a0000000,0x00000000a0e96158,0x00000000a5c80000)
 Metaspace       used 40661K, capacity 41414K, committed 41816K, reserved 1085440K
  class space    used 5393K, capacity 5669K, committed 5760K, reserved 1048576K
}
Event: 25.609 GC heap before
{Heap before GC invocations=13 (full 2):
 PSYoungGen      total 113664K, used 110546K [0x00000000e0000000, 0x00000000e7a80000, 0x0000000100000000)
  eden space 102912K, 100% used [0x00000000e0000000,0x00000000e6480000,0x00000000e6480000)
  from space 10752K, 71% used [0x00000000e7000000,0x00000000e77748b8,0x00000000e7a80000)
  to   space 11264K, 0% used [0x00000000e6480000,0x00000000e6480000,0x00000000e6f80000)
 ParOldGen       total 94720K, used 14936K [0x00000000a0000000, 0x00000000a5c80000, 0x00000000e0000000)
  object space 94720K, 15% used [0x00000000a0000000,0x00000000a0e96158,0x00000000a5c80000)
 Metaspace       used 46587K, capacity 47636K, committed 48088K, reserved 1091584K
  class space    used 6200K, capacity 6549K, committed 6656K, reserved 1048576K
Event: 25.632 GC heap after
Heap after GC invocations=13 (full 2):
 PSYoungGen      total 114176K, used 11249K [0x00000000e0000000, 0x00000000e9c00000, 0x0000000100000000)
  eden space 102912K, 0% used [0x00000000e0000000,0x00000000e0000000,0x00000000e6480000)
  from space 11264K, 99% used [0x00000000e6480000,0x00000000e6f7c4b8,0x00000000e6f80000)
  to   space 12800K, 0% used [0x00000000e8f80000,0x00000000e8f80000,0x00000000e9c00000)
 ParOldGen       total 94720K, used 16373K [0x00000000a0000000, 0x00000000a5c80000, 0x00000000e0000000)
  object space 94720K, 17% used [0x00000000a0000000,0x00000000a0ffd570,0x00000000a5c80000)
 Metaspace       used 46587K, capacity 47636K, committed 48088K, reserved 1091584K
  class space    used 6200K, capacity 6549K, committed 6656K, reserved 1048576K
}

