# JRE version: OpenJDK Runtime Environment (8.0_152-b01) (build 1.8.0_152-release-915-b01)
# Java VM: OpenJDK 64-Bit Server VM (25.152-b01 mixed mode windows-amd64 compressed oops)
Heap:
 PSYoungGen      total 178688K, used 93289K [0x00000000e0000000, 0x00000000ecc00000, 0x0000000100000000)
  eden space 157696K, 52% used [0x00000000e0000000,0x00000000e519af80,0x00000000e9a00000)
  from space 20992K, 46% used [0x00000000eb780000,0x00000000ec0ff868,0x00000000ecc00000)
  to   space 25600K, 0% used [0x00000000e9a00000,0x00000000e9a00000,0x00000000eb300000)
 ParOldGen       total 173056K, used 49097K [0x00000000a0000000, 0x00000000aa900000, 0x00000000e0000000)
  object space 173056K, 28% used [0x00000000a0000000,0x00000000a2ff2630,0x00000000aa900000)
 Metaspace       used 64484K, capacity 67918K, committed 68096K, reserved 1107968K
  class space    used 8531K, capacity 9357K, committed 9472K, reserved 1048576K
GC Heap History (10 events):
Event: 18.197 GC heap before
{Heap before GC invocations=17 (full 2):
 PSYoungGen      total 125440K, used 100772K [0x00000000e0000000, 0x00000000ea700000, 0x0000000100000000)
  eden space 105984K, 76% used [0x00000000e0000000,0x00000000e4f6d6e0,0x00000000e6780000)
  from space 19456K, 99% used [0x00000000e8000000,0x00000000e92fbbc8,0x00000000e9300000)
  to   space 25088K, 0% used [0x00000000e6780000,0x00000000e6780000,0x00000000e8000000)
 ParOldGen       total 113664K, used 30097K [0x00000000a0000000, 0x00000000a6f00000, 0x00000000e0000000)
  object space 113664K, 26% used [0x00000000a0000000,0x00000000a1d64750,0x00000000a6f00000)
 Metaspace       used 56637K, capacity 58968K, committed 59008K, reserved 1099776K
  class space    used 7713K, capacity 8300K, committed 8320K, reserved 1048576K
Event: 18.225 GC heap after
Heap after GC invocations=17 (full 2):
 PSYoungGen      total 131072K, used 24923K [0x00000000e0000000, 0x00000000ec480000, 0x0000000100000000)
  eden space 105984K, 0% used [0x00000000e0000000,0x00000000e0000000,0x00000000e6780000)
  from space 25088K, 99% used [0x00000000e6780000,0x00000000e7fd6ed0,0x00000000e8000000)
  to   space 28672K, 0% used [0x00000000ea880000,0x00000000ea880000,0x00000000ec480000)
 ParOldGen       total 113664K, used 30105K [0x00000000a0000000, 0x00000000a6f00000, 0x00000000e0000000)
  object space 113664K, 26% used [0x00000000a0000000,0x00000000a1d66750,0x00000000a6f00000)
 Metaspace       used 56637K, capacity 58968K, committed 59008K, reserved 1099776K
  class space    used 7713K, capacity 8300K, committed 8320K, reserved 1048576K
}
Event: 18.225 GC heap before
{Heap before GC invocations=18 (full 3):
 PSYoungGen      total 131072K, used 24923K [0x00000000e0000000, 0x00000000ec480000, 0x0000000100000000)
  eden space 105984K, 0% used [0x00000000e0000000,0x00000000e0000000,0x00000000e6780000)
  from space 25088K, 99% used [0x00000000e6780000,0x00000000e7fd6ed0,0x00000000e8000000)
  to   space 28672K, 0% used [0x00000000ea880000,0x00000000ea880000,0x00000000ec480000)
 ParOldGen       total 113664K, used 30105K [0x00000000a0000000, 0x00000000a6f00000, 0x00000000e0000000)
  object space 113664K, 26% used [0x00000000a0000000,0x00000000a1d66750,0x00000000a6f00000)
 Metaspace       used 56637K, capacity 58968K, committed 59008K, reserved 1099776K
  class space    used 7713K, capacity 8300K, committed 8320K, reserved 1048576K
Event: 18.511 GC heap after
Heap after GC invocations=18 (full 3):
 PSYoungGen      total 131072K, used 0K [0x00000000e0000000, 0x00000000ec480000, 0x0000000100000000)
  eden space 105984K, 0% used [0x00000000e0000000,0x00000000e0000000,0x00000000e6780000)
  from space 25088K, 0% used [0x00000000e6780000,0x00000000e6780000,0x00000000e8000000)
  to   space 28672K, 0% used [0x00000000ea880000,0x00000000ea880000,0x00000000ec480000)
 ParOldGen       total 173056K, used 49073K [0x00000000a0000000, 0x00000000aa900000, 0x00000000e0000000)
  object space 173056K, 28% used [0x00000000a0000000,0x00000000a2fec630,0x00000000aa900000)
 Metaspace       used 56637K, capacity 58968K, committed 59008K, reserved 1099776K
  class space    used 7713K, capacity 8300K, committed 8320K, reserved 1048576K
}
Event: 49.855 GC heap before
{Heap before GC invocations=19 (full 3):
 PSYoungGen      total 131072K, used 105984K [0x00000000e0000000, 0x00000000ec480000, 0x0000000100000000)
  eden space 105984K, 100% used [0x00000000e0000000,0x00000000e6780000,0x00000000e6780000)
  from space 25088K, 0% used [0x00000000e6780000,0x00000000e6780000,0x00000000e8000000)
  to   space 28672K, 0% used [0x00000000ea880000,0x00000000ea880000,0x00000000ec480000)
 ParOldGen       total 173056K, used 49073K [0x00000000a0000000, 0x00000000aa900000, 0x00000000e0000000)
  object space 173056K, 28% used [0x00000000a0000000,0x00000000a2fec630,0x00000000aa900000)
 Metaspace       used 60163K, capacity 62932K, committed 62976K, reserved 1103872K
  class space    used 8002K, capacity 8704K, committed 8704K, reserved 1048576K
Event: 49.868 GC heap after
Heap after GC invocations=19 (full 3):
 PSYoungGen      total 158208K, used 8148K [0x00000000e0000000, 0x00000000ebc80000, 0x0000000100000000)
  eden space 137728K, 0% used [0x00000000e0000000,0x00000000e0000000,0x00000000e8680000)
  from space 20480K, 39% used [0x00000000ea880000,0x00000000eb0753e8,0x00000000ebc80000)
  to   space 27648K, 0% used [0x00000000e8680000,0x00000000e8680000,0x00000000ea180000)
 ParOldGen       total 173056K, used 49081K [0x00000000a0000000, 0x00000000aa900000, 0x00000000e0000000)
  object space 173056K, 28% used [0x00000000a0000000,0x00000000a2fee630,0x00000000aa900000)
 Metaspace       used 60163K, capacity 62932K, committed 62976K, reserved 1103872K
  class space    used 8002K, capacity 8704K, committed 8704K, reserved 1048576K
}
Event: 59.412 GC heap before
{Heap before GC invocations=20 (full 3):
 PSYoungGen      total 158208K, used 145876K [0x00000000e0000000, 0x00000000ebc80000, 0x0000000100000000)
  eden space 137728K, 100% used [0x00000000e0000000,0x00000000e8680000,0x00000000e8680000)
  from space 20480K, 39% used [0x00000000ea880000,0x00000000eb0753e8,0x00000000ebc80000)
  to   space 27648K, 0% used [0x00000000e8680000,0x00000000e8680000,0x00000000ea180000)
 ParOldGen       total 173056K, used 49081K [0x00000000a0000000, 0x00000000aa900000, 0x00000000e0000000)
  object space 173056K, 28% used [0x00000000a0000000,0x00000000a2fee630,0x00000000aa900000)
 Metaspace       used 61469K, capacity 64316K, committed 64512K, reserved 1105920K
  class space    used 8164K, capacity 8866K, committed 8960K, reserved 1048576K
Event: 59.428 GC heap after
Heap after GC invocations=20 (full 3):
 PSYoungGen      total 165376K, used 9058K [0x00000000e0000000, 0x00000000ed180000, 0x0000000100000000)
  eden space 137728K, 0% used [0x00000000e0000000,0x00000000e0000000,0x00000000e8680000)
  from space 27648K, 32% used [0x00000000e8680000,0x00000000e8f58910,0x00000000ea180000)
  to   space 26624K, 0% used [0x00000000eb780000,0x00000000eb780000,0x00000000ed180000)
 ParOldGen       total 173056K, used 49089K [0x00000000a0000000, 0x00000000aa900000, 0x00000000e0000000)
  object space 173056K, 28% used [0x00000000a0000000,0x00000000a2ff0630,0x00000000aa900000)
 Metaspace       used 61469K, capacity 64316K, committed 64512K, reserved 1105920K
  class space    used 8164K, capacity 8866K, committed 8960K, reserved 1048576K
}
Event: 94.623 GC heap before
{Heap before GC invocations=21 (full 3):
 PSYoungGen      total 165376K, used 146786K [0x00000000e0000000, 0x00000000ed180000, 0x0000000100000000)
  eden space 137728K, 100% used [0x00000000e0000000,0x00000000e8680000,0x00000000e8680000)
  from space 27648K, 32% used [0x00000000e8680000,0x00000000e8f58910,0x00000000ea180000)
  to   space 26624K, 0% used [0x00000000eb780000,0x00000000eb780000,0x00000000ed180000)
 ParOldGen       total 173056K, used 49089K [0x00000000a0000000, 0x00000000aa900000, 0x00000000e0000000)
  object space 173056K, 28% used [0x00000000a0000000,0x00000000a2ff0630,0x00000000aa900000)
 Metaspace       used 62620K, capacity 65950K, committed 66048K, reserved 1105920K
  class space    used 8295K, capacity 9119K, committed 9216K, reserved 1048576K
Event: 94.641 GC heap after
Heap after GC invocations=21 (full 3):
 PSYoungGen      total 178688K, used 9726K [0x00000000e0000000, 0x00000000ecc00000, 0x0000000100000000)
  eden space 157696K, 0% used [0x00000000e0000000,0x00000000e0000000,0x00000000e9a00000)
  from space 20992K, 46% used [0x00000000eb780000,0x00000000ec0ff868,0x00000000ecc00000)
  to   space 25600K, 0% used [0x00000000e9a00000,0x00000000e9a00000,0x00000000eb300000)
 ParOldGen       total 173056K, used 49097K [0x00000000a0000000, 0x00000000aa900000, 0x00000000e0000000)
  object space 173056K, 28% used [0x00000000a0000000,0x00000000a2ff2630,0x00000000aa900000)
 Metaspace       used 62620K, capacity 65950K, committed 66048K, reserved 1105920K
  class space    used 8295K, capacity 9119K, committed 9216K, reserved 1048576K
}

